<?xml version="1.0" encoding="UTF-8"?>
<testng-results ignored="0" total="3" passed="1" failed="2" skipped="0">
  <reporter-output>
  </reporter-output>
  <suite started-at="2025-11-29T12:24:12 IST" name="Default suite" finished-at="2025-11-29T12:24:48 IST" duration-ms="36342">
    <groups>
      <group name="cucumber">
        <method signature="AbstractTestNGCucumberTests.runScenario(io.cucumber.testng.PickleWrapper,io.cucumber.testng.FeatureWrapper)[pri:0, instance:runnerpenta.regrunner@65e98b1c]" name="runScenario" class="io.cucumber.testng.AbstractTestNGCucumberTests"/>
      </group> <!-- cucumber -->
    </groups>
    <test started-at="2025-11-29T12:24:12 IST" name="Default test" finished-at="2025-11-29T12:24:48 IST" duration-ms="36342">
      <class name="runnerpenta.regrunner">
        <test-method is-config="true" signature="setUpClass(org.testng.ITestContext)[pri:0, instance:runnerpenta.regrunner@65e98b1c]" started-at="2025-11-29T12:24:12 IST" name="setUpClass" finished-at="2025-11-29T12:24:13 IST" duration-ms="766" status="PASS">
          <params>
            <param index="0">
              <value>
                <![CDATA[org.testng.TestRunner@78cd163b]]>
              </value>
            </param>
          </params>
          <reporter-output>
          </reporter-output>
        </test-method> <!-- setUpClass -->
        <test-method signature="runScenario(io.cucumber.testng.PickleWrapper,io.cucumber.testng.FeatureWrapper)[pri:0, instance:runnerpenta.regrunner@65e98b1c]" started-at="2025-11-29T12:24:13 IST" name="runScenario" description="Runs Cucumber Scenarios" data-provider="scenarios" finished-at="2025-11-29T12:24:30 IST" duration-ms="17210" status="PASS">
          <params>
            <param index="0">
              <value>
                <![CDATA["To Verify Login functionality by entering valid credentials"]]>
              </value>
            </param>
            <param index="1">
              <value>
                <![CDATA["Login Functionality"]]>
              </value>
            </param>
          </params>
          <reporter-output>
          </reporter-output>
        </test-method> <!-- runScenario -->
        <test-method signature="runScenario(io.cucumber.testng.PickleWrapper,io.cucumber.testng.FeatureWrapper)[pri:0, instance:runnerpenta.regrunner@65e98b1c]" started-at="2025-11-29T12:24:30 IST" name="runScenario" description="Runs Cucumber Scenarios" data-provider="scenarios" finished-at="2025-11-29T12:24:34 IST" duration-ms="4419" status="FAIL">
          <params>
            <param index="0">
              <value>
                <![CDATA["To verify Registration functionality by entering valid credentials"]]>
              </value>
            </param>
            <param index="1">
              <value>
                <![CDATA["Registration Functionality"]]>
              </value>
            </param>
          </params>
          <exception class="java.lang.AssertionError">
            <message>
              <![CDATA[expected [Your Account Has Been Created!] but found [Register Account]]]>
            </message>
            <full-stacktrace>
              <![CDATA[java.lang.AssertionError: expected [Your Account Has Been Created!] but found [Register Account]
at org.testng.Assert.fail(Assert.java:111)
at org.testng.Assert.failNotEquals(Assert.java:1590)
at org.testng.Assert.assertEqualsImpl(Assert.java:150)
at org.testng.Assert.assertEquals(Assert.java:132)
at org.testng.Assert.assertEquals(Assert.java:656)
at org.testng.Assert.assertEquals(Assert.java:666)
at pentalifepro.TC_RF_001.user_should_be_registeredd(TC_RF_001.java:88)
at ✽.User should be Registeredd(file:///C:/Users/Divya/Documents/workspace-spring-tools-for-eclipse-4.32.2.RELEASE/Pentalife/futurefile/resigstrestionpenta.feature:16)
]]>
            </full-stacktrace>
          </exception> <!-- java.lang.AssertionError -->
          <reporter-output>
          </reporter-output>
        </test-method> <!-- runScenario -->
        <test-method signature="runScenario(io.cucumber.testng.PickleWrapper,io.cucumber.testng.FeatureWrapper)[pri:0, instance:runnerpenta.regrunner@65e98b1c]" started-at="2025-11-29T12:24:34 IST" name="runScenario" description="Runs Cucumber Scenarios" data-provider="scenarios" finished-at="2025-11-29T12:24:48 IST" duration-ms="13734" status="FAIL">
          <params>
            <param index="0">
              <value>
                <![CDATA["Verify search functionality"]]>
              </value>
            </param>
            <param index="1">
              <value>
                <![CDATA["Search Functionality"]]>
              </value>
            </param>
          </params>
          <exception class="java.lang.AssertionError">
            <message>
              <![CDATA[expected [Search - mac] but found [Search - samsung]]]>
            </message>
            <full-stacktrace>
              <![CDATA[java.lang.AssertionError: expected [Search - mac] but found [Search - samsung]
at org.testng.Assert.fail(Assert.java:111)
at org.testng.Assert.failNotEquals(Assert.java:1590)
at org.testng.Assert.assertEqualsImpl(Assert.java:150)
at org.testng.Assert.assertEquals(Assert.java:132)
at org.testng.Assert.assertEquals(Assert.java:656)
at org.testng.Assert.assertEquals(Assert.java:666)
at pentalifepro.searchpenta.user_should_see_the_searched_product_displayedd(searchpenta.java:57)
at ✽.User should see the searched product displayedd(file:///C:/Users/Divya/Documents/workspace-spring-tools-for-eclipse-4.32.2.RELEASE/Pentalife/futurefile/search.feature:10)
]]>
            </full-stacktrace>
          </exception> <!-- java.lang.AssertionError -->
          <reporter-output>
          </reporter-output>
        </test-method> <!-- runScenario -->
        <test-method is-config="true" signature="tearDownClass()[pri:0, instance:runnerpenta.regrunner@65e98b1c]" started-at="2025-11-29T12:24:48 IST" name="tearDownClass" finished-at="2025-11-29T12:24:48 IST" duration-ms="138" status="PASS">
          <reporter-output>
          </reporter-output>
        </test-method> <!-- tearDownClass -->
      </class> <!-- runnerpenta.regrunner -->
    </test> <!-- Default test -->
  </suite> <!-- Default suite -->
</testng-results>
