<?xml version="1.0" encoding="UTF-8"?>
<!-- Generated by org.testng.reporters.JUnitReportReporter -->
<testsuite hostname="LAPTOP-JDRVRQHU" failures="2" tests="3" name="runnerpenta.regrunner" time="35.363" errors="0" timestamp="2025-11-29T12:24:48 IST" skipped="0">
  <testcase classname="runnerpenta.regrunner" name="runScenario" time="13.734">
    <failure message="expected [Search - mac] but found [Search - samsung]" type="java.lang.AssertionError">
      <![CDATA[java.lang.AssertionError: expected [Search - mac] but found [Search - samsung]
at org.testng.Assert.fail(Assert.java:111)
at org.testng.Assert.failNotEquals(Assert.java:1590)
at org.testng.Assert.assertEqualsImpl(Assert.java:150)
at org.testng.Assert.assertEquals(Assert.java:132)
at org.testng.Assert.assertEquals(Assert.java:656)
at org.testng.Assert.assertEquals(Assert.java:666)
at pentalifepro.searchpenta.user_should_see_the_searched_product_displayedd(searchpenta.java:57)
at ✽.User should see the searched product displayedd(file:///C:/Users/Divya/Documents/workspace-spring-tools-for-eclipse-4.32.2.RELEASE/Pentalife/futurefile/search.feature:10)
]]>
    </failure>
  </testcase> <!-- runScenario -->
  <testcase classname="runnerpenta.regrunner" name="runScenario" time="17.210"/>
  <testcase classname="runnerpenta.regrunner" name="runScenario" time="4.419">
    <failure message="expected [Your Account Has Been Created!] but found [Register Account]" type="java.lang.AssertionError">
      <![CDATA[java.lang.AssertionError: expected [Your Account Has Been Created!] but found [Register Account]
at org.testng.Assert.fail(Assert.java:111)
at org.testng.Assert.failNotEquals(Assert.java:1590)
at org.testng.Assert.assertEqualsImpl(Assert.java:150)
at org.testng.Assert.assertEquals(Assert.java:132)
at org.testng.Assert.assertEquals(Assert.java:656)
at org.testng.Assert.assertEquals(Assert.java:666)
at pentalifepro.TC_RF_001.user_should_be_registeredd(TC_RF_001.java:88)
at ✽.User should be Registeredd(file:///C:/Users/Divya/Documents/workspace-spring-tools-for-eclipse-4.32.2.RELEASE/Pentalife/futurefile/resigstrestionpenta.feature:16)
]]>
    </failure>
  </testcase> <!-- runScenario -->
</testsuite> <!-- runnerpenta.regrunner -->
