<?xml version="1.0" encoding="UTF-8"?>
<!-- Generated by org.testng.reporters.JUnitReportReporter -->
<testsuite hostname="LAPTOP-JDRVRQHU" failures="0" tests="1" name="runnerpenta.runner" time="0.155" errors="1" timestamp="2025-11-28T12:41:59 IST" skipped="0">
  <testcase classname="runnerpenta.runner" name="runScenario" time="0.155">
    <error message="The step &#039;User has opened the browser and launched the applicationn&#039; and 10 other step(s) are undefined.
You can implement these steps using the snippet(s) below:

@Given(&quot;User has opened the browser and launched the applicationn&quot;)
public void user_has_opened_the_browser_and_launched_the_applicationn() {
    // Write code here that turns the phrase above into concrete actions
    throw new io.cucumber.java.PendingException();
}
@When(&quot;User enters valid First namee&quot;)
public void user_enters_valid_first_namee() {
    // Write code here that turns the phrase above into concrete actions
    throw new io.cucumber.java.PendingException();
}
@When(&quot;User enters valid Last namee&quot;)
public void user_enters_valid_last_namee() {
    // Write code here that turns the phrase above into concrete actions
    throw new io.cucumber.java.PendingException();
}
@When(&quot;User enters valid Email IDD&quot;)
public void user_enters_valid_email_idd() {
    // Write code here that turns the phrase above into concrete actions
    throw new io.cucumber.java.PendingException();
}
@When(&quot;User enters valid Telephonee&quot;)
public void user_enters_valid_telephonee() {
    // Write code here that turns the phrase above into concrete actions
    throw new io.cucumber.java.PendingException();
}
@When(&quot;User enters valid Passwordd&quot;)
public void user_enters_valid_passwordd() {
    // Write code here that turns the phrase above into concrete actions
    throw new io.cucumber.java.PendingException();
}
@When(&quot;User enters valid Confirm Passwordd&quot;)
public void user_enters_valid_confirm_passwordd() {
    // Write code here that turns the phrase above into concrete actions
    throw new io.cucumber.java.PendingException();
}
@When(&quot;User clicks on radion button noo&quot;)
public void user_clicks_on_radion_button_noo() {
    // Write code here that turns the phrase above into concrete actions
    throw new io.cucumber.java.PendingException();
}
@When(&quot;User clicks on privacy policy checkboxx&quot;)
public void user_clicks_on_privacy_policy_checkboxx() {
    // Write code here that turns the phrase above into concrete actions
    throw new io.cucumber.java.PendingException();
}
@When(&quot;User cliks on continue buttonn&quot;)
public void user_cliks_on_continue_buttonn() {
    // Write code here that turns the phrase above into concrete actions
    throw new io.cucumber.java.PendingException();
}
@Then(&quot;User should be Registeredd&quot;)
public void user_should_be_registeredd() {
    // Write code here that turns the phrase above into concrete actions
    throw new io.cucumber.java.PendingException();
}
" type="io.cucumber.testng.UndefinedStepException">
      <![CDATA[io.cucumber.testng.UndefinedStepException: The step 'User has opened the browser and launched the applicationn' and 10 other step(s) are undefined.
You can implement these steps using the snippet(s) below:

@Given("User has opened the browser and launched the applicationn")
public void user_has_opened_the_browser_and_launched_the_applicationn() {
    // Write code here that turns the phrase above into concrete actions
    throw new io.cucumber.java.PendingException();
}
@When("User enters valid First namee")
public void user_enters_valid_first_namee() {
    // Write code here that turns the phrase above into concrete actions
    throw new io.cucumber.java.PendingException();
}
@When("User enters valid Last namee")
public void user_enters_valid_last_namee() {
    // Write code here that turns the phrase above into concrete actions
    throw new io.cucumber.java.PendingException();
}
@When("User enters valid Email IDD")
public void user_enters_valid_email_idd() {
    // Write code here that turns the phrase above into concrete actions
    throw new io.cucumber.java.PendingException();
}
@When("User enters valid Telephonee")
public void user_enters_valid_telephonee() {
    // Write code here that turns the phrase above into concrete actions
    throw new io.cucumber.java.PendingException();
}
@When("User enters valid Passwordd")
public void user_enters_valid_passwordd() {
    // Write code here that turns the phrase above into concrete actions
    throw new io.cucumber.java.PendingException();
}
@When("User enters valid Confirm Passwordd")
public void user_enters_valid_confirm_passwordd() {
    // Write code here that turns the phrase above into concrete actions
    throw new io.cucumber.java.PendingException();
}
@When("User clicks on radion button noo")
public void user_clicks_on_radion_button_noo() {
    // Write code here that turns the phrase above into concrete actions
    throw new io.cucumber.java.PendingException();
}
@When("User clicks on privacy policy checkboxx")
public void user_clicks_on_privacy_policy_checkboxx() {
    // Write code here that turns the phrase above into concrete actions
    throw new io.cucumber.java.PendingException();
}
@When("User cliks on continue buttonn")
public void user_cliks_on_continue_buttonn() {
    // Write code here that turns the phrase above into concrete actions
    throw new io.cucumber.java.PendingException();
}
@Then("User should be Registeredd")
public void user_should_be_registeredd() {
    // Write code here that turns the phrase above into concrete actions
    throw new io.cucumber.java.PendingException();
}

at ✽.User has opened the browser and launched the applicationn(file:///C:/Users/Divya/Documents/workspace-spring-tools-for-eclipse-4.32.2.RELEASE/Pentalife/futurefile/resigstrestionpenta.feature:6)
]]>
    </error>
  </testcase> <!-- runScenario -->
</testsuite> <!-- runnerpenta.runner -->
